CRITICAL - 2024-06-18 08:32:23 --> file_get_contents(https://api.freeconvert.com/v1/process/convert): Failed to open stream: HTTP request failed! HTTP/1.1 400 Bad Request

in APPPATH/Models/ConvertModel.php on line 91.
 1 [internal function]: CodeIgniter\Debug\Exceptions->errorHandler()
 2 APPPATH/Models/ConvertModel.php(91): file_get_contents()
 3 APPPATH/Controllers/Home.php(91): App\Models\ConvertModel->start()
 4 SYSTEMPATH/CodeIgniter.php(919): App\Controllers\Home->convert()
 5 SYSTEMPATH/CodeIgniter.php(494): CodeIgniter\CodeIgniter->runController()
 6 SYSTEMPATH/CodeIgniter.php(353): CodeIgniter\CodeIgniter->handleRequest()
 7 FCPATH/index.php(79): CodeIgniter\CodeIgniter->run()
INFO - 2024-06-18 08:32:51 --> Session: Class initialized using 'CodeIgniter\Session\Handlers\FileHandler' driver.
CRITICAL - 2024-06-18 08:32:54 --> file_get_contents(https://api.freeconvert.com/v1/process/convert): Failed to open stream: HTTP request failed! HTTP/1.1 400 Bad Request

in APPPATH/Models/ConvertModel.php on line 91.
 1 [internal function]: CodeIgniter\Debug\Exceptions->errorHandler()
 2 APPPATH/Models/ConvertModel.php(91): file_get_contents()
 3 APPPATH/Controllers/Home.php(91): App\Models\ConvertModel->start()
 4 SYSTEMPATH/CodeIgniter.php(919): App\Controllers\Home->convert()
 5 SYSTEMPATH/CodeIgniter.php(494): CodeIgniter\CodeIgniter->runController()
 6 SYSTEMPATH/CodeIgniter.php(353): CodeIgniter\CodeIgniter->handleRequest()
 7 FCPATH/index.php(79): CodeIgniter\CodeIgniter->run()
INFO - 2024-06-18 08:47:06 --> Session: Class initialized using 'CodeIgniter\Session\Handlers\FileHandler' driver.
INFO - 2024-06-18 09:04:39 --> Session: Class initialized using 'CodeIgniter\Session\Handlers\FileHandler' driver.
CRITICAL - 2024-06-18 09:04:40 --> file_get_contents(https://api.freeconvert.com/v1/process/convert): Failed to open stream: HTTP request failed! HTTP/1.1 400 Bad Request

in APPPATH/Models/ConvertModel.php on line 89.
 1 [internal function]: CodeIgniter\Debug\Exceptions->errorHandler()
 2 APPPATH/Models/ConvertModel.php(89): file_get_contents()
 3 APPPATH/Controllers/Home.php(91): App\Models\ConvertModel->import()
 4 SYSTEMPATH/CodeIgniter.php(919): App\Controllers\Home->convert()
 5 SYSTEMPATH/CodeIgniter.php(494): CodeIgniter\CodeIgniter->runController()
 6 SYSTEMPATH/CodeIgniter.php(353): CodeIgniter\CodeIgniter->handleRequest()
 7 FCPATH/index.php(79): CodeIgniter\CodeIgniter->run()
INFO - 2024-06-18 09:05:01 --> Session: Class initialized using 'CodeIgniter\Session\Handlers\FileHandler' driver.
INFO - 2024-06-18 09:05:06 --> Session: Class initialized using 'CodeIgniter\Session\Handlers\FileHandler' driver.
INFO - 2024-06-18 09:05:07 --> Session: Class initialized using 'CodeIgniter\Session\Handlers\FileHandler' driver.
INFO - 2024-06-18 09:05:12 --> Session: Class initialized using 'CodeIgniter\Session\Handlers\FileHandler' driver.
CRITICAL - 2024-06-18 09:05:13 --> file_get_contents(https://api.freeconvert.com/v1/process/convert): Failed to open stream: HTTP request failed! HTTP/1.1 400 Bad Request

in APPPATH/Models/ConvertModel.php on line 89.
 1 [internal function]: CodeIgniter\Debug\Exceptions->errorHandler()
 2 APPPATH/Models/ConvertModel.php(89): file_get_contents()
 3 APPPATH/Controllers/Home.php(91): App\Models\ConvertModel->import()
 4 SYSTEMPATH/CodeIgniter.php(919): App\Controllers\Home->convert()
 5 SYSTEMPATH/CodeIgniter.php(494): CodeIgniter\CodeIgniter->runController()
 6 SYSTEMPATH/CodeIgniter.php(353): CodeIgniter\CodeIgniter->handleRequest()
 7 FCPATH/index.php(79): CodeIgniter\CodeIgniter->run()
INFO - 2024-06-18 09:06:28 --> Session: Class initialized using 'CodeIgniter\Session\Handlers\FileHandler' driver.
INFO - 2024-06-18 09:06:32 --> Session: Class initialized using 'CodeIgniter\Session\Handlers\FileHandler' driver.
INFO - 2024-06-18 09:06:36 --> Session: Class initialized using 'CodeIgniter\Session\Handlers\FileHandler' driver.
CRITICAL - 2024-06-18 09:06:37 --> file_get_contents(https://api.freeconvert.com/v1/process/convert): Failed to open stream: HTTP request failed! HTTP/1.1 400 Bad Request

in APPPATH/Models/ConvertModel.php on line 89.
 1 [internal function]: CodeIgniter\Debug\Exceptions->errorHandler()
 2 APPPATH/Models/ConvertModel.php(89): file_get_contents()
 3 APPPATH/Controllers/Home.php(91): App\Models\ConvertModel->import()
 4 SYSTEMPATH/CodeIgniter.php(919): App\Controllers\Home->convert()
 5 SYSTEMPATH/CodeIgniter.php(494): CodeIgniter\CodeIgniter->runController()
 6 SYSTEMPATH/CodeIgniter.php(353): CodeIgniter\CodeIgniter->handleRequest()
 7 FCPATH/index.php(79): CodeIgniter\CodeIgniter->run()
INFO - 2024-06-18 09:07:07 --> Session: Class initialized using 'CodeIgniter\Session\Handlers\FileHandler' driver.
INFO - 2024-06-18 09:07:35 --> Session: Class initialized using 'CodeIgniter\Session\Handlers\FileHandler' driver.
INFO - 2024-06-18 09:07:38 --> Session: Class initialized using 'CodeIgniter\Session\Handlers\FileHandler' driver.
CRITICAL - 2024-06-18 09:07:39 --> file_get_contents(https://api.freeconvert.com/v1/import/upload): Failed to open stream: HTTP request failed! HTTP/1.1 404 Not Found

in APPPATH/Models/ConvertModel.php on line 89.
 1 [internal function]: CodeIgniter\Debug\Exceptions->errorHandler()
 2 APPPATH/Models/ConvertModel.php(89): file_get_contents()
 3 APPPATH/Controllers/Home.php(91): App\Models\ConvertModel->import()
 4 SYSTEMPATH/CodeIgniter.php(919): App\Controllers\Home->convert()
 5 SYSTEMPATH/CodeIgniter.php(494): CodeIgniter\CodeIgniter->runController()
 6 SYSTEMPATH/CodeIgniter.php(353): CodeIgniter\CodeIgniter->handleRequest()
 7 FCPATH/index.php(79): CodeIgniter\CodeIgniter->run()
INFO - 2024-06-18 09:08:48 --> Session: Class initialized using 'CodeIgniter\Session\Handlers\FileHandler' driver.
INFO - 2024-06-18 09:08:52 --> Session: Class initialized using 'CodeIgniter\Session\Handlers\FileHandler' driver.
INFO - 2024-06-18 09:08:55 --> Session: Class initialized using 'CodeIgniter\Session\Handlers\FileHandler' driver.
CRITICAL - 2024-06-18 09:08:56 --> file_get_contents(https://api.freeconvert.com/v1/process/import/upload): Failed to open stream: HTTP request failed! HTTP/1.1 400 Bad Request

in APPPATH/Models/ConvertModel.php on line 89.
 1 [internal function]: CodeIgniter\Debug\Exceptions->errorHandler()
 2 APPPATH/Models/ConvertModel.php(89): file_get_contents()
 3 APPPATH/Controllers/Home.php(91): App\Models\ConvertModel->import()
 4 SYSTEMPATH/CodeIgniter.php(919): App\Controllers\Home->convert()
 5 SYSTEMPATH/CodeIgniter.php(494): CodeIgniter\CodeIgniter->runController()
 6 SYSTEMPATH/CodeIgniter.php(353): CodeIgniter\CodeIgniter->handleRequest()
 7 FCPATH/index.php(79): CodeIgniter\CodeIgniter->run()
INFO - 2024-06-18 09:21:55 --> Session: Class initialized using 'CodeIgniter\Session\Handlers\FileHandler' driver.
INFO - 2024-06-18 09:21:59 --> Session: Class initialized using 'CodeIgniter\Session\Handlers\FileHandler' driver.
INFO - 2024-06-18 09:22:08 --> Session: Class initialized using 'CodeIgniter\Session\Handlers\FileHandler' driver.
INFO - 2024-06-18 09:47:38 --> Session: Class initialized using 'CodeIgniter\Session\Handlers\FileHandler' driver.
INFO - 2024-06-18 09:49:39 --> Session: Class initialized using 'CodeIgniter\Session\Handlers\FileHandler' driver.
INFO - 2024-06-18 09:49:43 --> Session: Class initialized using 'CodeIgniter\Session\Handlers\FileHandler' driver.
INFO - 2024-06-18 09:49:50 --> Session: Class initialized using 'CodeIgniter\Session\Handlers\FileHandler' driver.
CRITICAL - 2024-06-18 09:49:51 --> Undefined array key "signature"
in APPPATH/Controllers/Home.php on line 96.
 1 APPPATH/Controllers/Home.php(96): CodeIgniter\Debug\Exceptions->errorHandler()
 2 SYSTEMPATH/CodeIgniter.php(919): App\Controllers\Home->convert()
 3 SYSTEMPATH/CodeIgniter.php(494): CodeIgniter\CodeIgniter->runController()
 4 SYSTEMPATH/CodeIgniter.php(353): CodeIgniter\CodeIgniter->handleRequest()
 5 FCPATH/index.php(79): CodeIgniter\CodeIgniter->run()
INFO - 2024-06-18 09:51:15 --> Session: Class initialized using 'CodeIgniter\Session\Handlers\FileHandler' driver.
INFO - 2024-06-18 09:51:19 --> Session: Class initialized using 'CodeIgniter\Session\Handlers\FileHandler' driver.
INFO - 2024-06-18 09:51:26 --> Session: Class initialized using 'CodeIgniter\Session\Handlers\FileHandler' driver.
CRITICAL - 2024-06-18 09:51:29 --> file_get_contents(): Content-type not specified assuming application/x-www-form-urlencoded
in APPPATH/Models/ConvertModel.php on line 119.
 1 [internal function]: CodeIgniter\Debug\Exceptions->errorHandler()
 2 APPPATH/Models/ConvertModel.php(119): file_get_contents()
 3 APPPATH/Controllers/Home.php(96): App\Models\ConvertModel->upload()
 4 SYSTEMPATH/CodeIgniter.php(919): App\Controllers\Home->convert()
 5 SYSTEMPATH/CodeIgniter.php(494): CodeIgniter\CodeIgniter->runController()
 6 SYSTEMPATH/CodeIgniter.php(353): CodeIgniter\CodeIgniter->handleRequest()
 7 FCPATH/index.php(79): CodeIgniter\CodeIgniter->run()
INFO - 2024-06-18 09:52:22 --> Session: Class initialized using 'CodeIgniter\Session\Handlers\FileHandler' driver.
INFO - 2024-06-18 09:52:32 --> Session: Class initialized using 'CodeIgniter\Session\Handlers\FileHandler' driver.
INFO - 2024-06-18 09:52:33 --> Session: Class initialized using 'CodeIgniter\Session\Handlers\FileHandler' driver.
INFO - 2024-06-18 09:52:34 --> Session: Class initialized using 'CodeIgniter\Session\Handlers\FileHandler' driver.
INFO - 2024-06-18 09:52:35 --> Session: Class initialized using 'CodeIgniter\Session\Handlers\FileHandler' driver.
INFO - 2024-06-18 09:52:43 --> Session: Class initialized using 'CodeIgniter\Session\Handlers\FileHandler' driver.
INFO - 2024-06-18 10:32:16 --> Session: Class initialized using 'CodeIgniter\Session\Handlers\FileHandler' driver.
INFO - 2024-06-18 10:32:20 --> Session: Class initialized using 'CodeIgniter\Session\Handlers\FileHandler' driver.
INFO - 2024-06-18 10:32:25 --> Session: Class initialized using 'CodeIgniter\Session\Handlers\FileHandler' driver.
CRITICAL - 2024-06-18 10:33:46 --> file_get_contents(https://server50-hzfi.freeconvert.com/api/upload/6671623988a0822e1c0fc757): Failed to open stream: HTTP request failed!
in APPPATH/Models/ConvertModel.php on line 121.
 1 [internal function]: CodeIgniter\Debug\Exceptions->errorHandler()
 2 APPPATH/Models/ConvertModel.php(121): file_get_contents()
 3 APPPATH/Controllers/Home.php(97): App\Models\ConvertModel->upload()
 4 SYSTEMPATH/CodeIgniter.php(919): App\Controllers\Home->convert()
 5 SYSTEMPATH/CodeIgniter.php(494): CodeIgniter\CodeIgniter->runController()
 6 SYSTEMPATH/CodeIgniter.php(353): CodeIgniter\CodeIgniter->handleRequest()
 7 FCPATH/index.php(79): CodeIgniter\CodeIgniter->run()
INFO - 2024-06-18 10:33:46 --> Session: Class initialized using 'CodeIgniter\Session\Handlers\FileHandler' driver.
INFO - 2024-06-18 10:33:46 --> Session: Class initialized using 'CodeIgniter\Session\Handlers\FileHandler' driver.
INFO - 2024-06-18 10:33:46 --> Session: Class initialized using 'CodeIgniter\Session\Handlers\FileHandler' driver.
INFO - 2024-06-18 10:33:51 --> Session: Class initialized using 'CodeIgniter\Session\Handlers\FileHandler' driver.
INFO - 2024-06-18 10:33:59 --> Session: Class initialized using 'CodeIgniter\Session\Handlers\FileHandler' driver.
INFO - 2024-06-18 10:36:08 --> Session: Class initialized using 'CodeIgniter\Session\Handlers\FileHandler' driver.
INFO - 2024-06-18 11:06:35 --> Session: Class initialized using 'CodeIgniter\Session\Handlers\FileHandler' driver.
INFO - 2024-06-18 11:22:05 --> Session: Class initialized using 'CodeIgniter\Session\Handlers\FileHandler' driver.
INFO - 2024-06-18 11:22:09 --> Session: Class initialized using 'CodeIgniter\Session\Handlers\FileHandler' driver.
INFO - 2024-06-18 11:22:17 --> Session: Class initialized using 'CodeIgniter\Session\Handlers\FileHandler' driver.
CRITICAL - 2024-06-18 11:22:17 --> mkdir(): Permission denied
in SYSTEMPATH/HTTP/Files/UploadedFile.php on line 185.
 1 [internal function]: CodeIgniter\Debug\Exceptions->errorHandler()
 2 SYSTEMPATH/HTTP/Files/UploadedFile.php(185): mkdir()
 3 SYSTEMPATH/HTTP/Files/UploadedFile.php(139): CodeIgniter\HTTP\Files\UploadedFile->setPath()
 4 APPPATH/Controllers/Home.php(88): CodeIgniter\HTTP\Files\UploadedFile->move()
 5 SYSTEMPATH/CodeIgniter.php(919): App\Controllers\Home->convert()
 6 SYSTEMPATH/CodeIgniter.php(494): CodeIgniter\CodeIgniter->runController()
 7 SYSTEMPATH/CodeIgniter.php(353): CodeIgniter\CodeIgniter->handleRequest()
 8 FCPATH/index.php(79): CodeIgniter\CodeIgniter->run()
INFO - 2024-06-18 11:22:34 --> Session: Class initialized using 'CodeIgniter\Session\Handlers\FileHandler' driver.
INFO - 2024-06-18 11:22:37 --> Session: Class initialized using 'CodeIgniter\Session\Handlers\FileHandler' driver.
INFO - 2024-06-18 11:22:44 --> Session: Class initialized using 'CodeIgniter\Session\Handlers\FileHandler' driver.
CRITICAL - 2024-06-18 11:22:44 --> mkdir(): Permission denied
in SYSTEMPATH/HTTP/Files/UploadedFile.php on line 185.
 1 [internal function]: CodeIgniter\Debug\Exceptions->errorHandler()
 2 SYSTEMPATH/HTTP/Files/UploadedFile.php(185): mkdir()
 3 SYSTEMPATH/HTTP/Files/UploadedFile.php(139): CodeIgniter\HTTP\Files\UploadedFile->setPath()
 4 APPPATH/Controllers/Home.php(88): CodeIgniter\HTTP\Files\UploadedFile->move()
 5 SYSTEMPATH/CodeIgniter.php(919): App\Controllers\Home->convert()
 6 SYSTEMPATH/CodeIgniter.php(494): CodeIgniter\CodeIgniter->runController()
 7 SYSTEMPATH/CodeIgniter.php(353): CodeIgniter\CodeIgniter->handleRequest()
 8 FCPATH/index.php(79): CodeIgniter\CodeIgniter->run()
INFO - 2024-06-18 11:22:46 --> Session: Class initialized using 'CodeIgniter\Session\Handlers\FileHandler' driver.
CRITICAL - 2024-06-18 11:22:46 --> mkdir(): Permission denied
in SYSTEMPATH/HTTP/Files/UploadedFile.php on line 185.
 1 [internal function]: CodeIgniter\Debug\Exceptions->errorHandler()
 2 SYSTEMPATH/HTTP/Files/UploadedFile.php(185): mkdir()
 3 SYSTEMPATH/HTTP/Files/UploadedFile.php(139): CodeIgniter\HTTP\Files\UploadedFile->setPath()
 4 APPPATH/Controllers/Home.php(88): CodeIgniter\HTTP\Files\UploadedFile->move()
 5 SYSTEMPATH/CodeIgniter.php(919): App\Controllers\Home->convert()
 6 SYSTEMPATH/CodeIgniter.php(494): CodeIgniter\CodeIgniter->runController()
 7 SYSTEMPATH/CodeIgniter.php(353): CodeIgniter\CodeIgniter->handleRequest()
 8 FCPATH/index.php(79): CodeIgniter\CodeIgniter->run()
INFO - 2024-06-18 11:23:55 --> Session: Class initialized using 'CodeIgniter\Session\Handlers\FileHandler' driver.
INFO - 2024-06-18 11:23:58 --> Session: Class initialized using 'CodeIgniter\Session\Handlers\FileHandler' driver.
INFO - 2024-06-18 11:24:12 --> Session: Class initialized using 'CodeIgniter\Session\Handlers\FileHandler' driver.
CRITICAL - 2024-06-18 11:24:12 --> mkdir(): Permission denied
in SYSTEMPATH/HTTP/Files/UploadedFile.php on line 185.
 1 [internal function]: CodeIgniter\Debug\Exceptions->errorHandler()
 2 SYSTEMPATH/HTTP/Files/UploadedFile.php(185): mkdir()
 3 SYSTEMPATH/HTTP/Files/UploadedFile.php(139): CodeIgniter\HTTP\Files\UploadedFile->setPath()
 4 APPPATH/Controllers/Home.php(88): CodeIgniter\HTTP\Files\UploadedFile->move()
 5 SYSTEMPATH/CodeIgniter.php(919): App\Controllers\Home->convert()
 6 SYSTEMPATH/CodeIgniter.php(494): CodeIgniter\CodeIgniter->runController()
 7 SYSTEMPATH/CodeIgniter.php(353): CodeIgniter\CodeIgniter->handleRequest()
 8 FCPATH/index.php(79): CodeIgniter\CodeIgniter->run()
INFO - 2024-06-18 11:25:43 --> Session: Class initialized using 'CodeIgniter\Session\Handlers\FileHandler' driver.
INFO - 2024-06-18 11:25:46 --> Session: Class initialized using 'CodeIgniter\Session\Handlers\FileHandler' driver.
INFO - 2024-06-18 11:25:49 --> Session: Class initialized using 'CodeIgniter\Session\Handlers\FileHandler' driver.
CRITICAL - 2024-06-18 11:25:49 --> Could not move file "phpqkuLMc" to "../public/uploads/". Reason: 
in SYSTEMPATH/HTTP/Files/UploadedFile.php on line 158.
 1 SYSTEMPATH/HTTP/Files/UploadedFile.php(158): CodeIgniter\HTTP\Exceptions\HTTPException::forMoveFailed()
 2 APPPATH/Controllers/Home.php(88): CodeIgniter\HTTP\Files\UploadedFile->move()
 3 SYSTEMPATH/CodeIgniter.php(919): App\Controllers\Home->convert()
 4 SYSTEMPATH/CodeIgniter.php(494): CodeIgniter\CodeIgniter->runController()
 5 SYSTEMPATH/CodeIgniter.php(353): CodeIgniter\CodeIgniter->handleRequest()
 6 FCPATH/index.php(79): CodeIgniter\CodeIgniter->run()
INFO - 2024-06-18 11:27:39 --> Session: Class initialized using 'CodeIgniter\Session\Handlers\FileHandler' driver.
INFO - 2024-06-18 11:27:43 --> Session: Class initialized using 'CodeIgniter\Session\Handlers\FileHandler' driver.
INFO - 2024-06-18 11:27:47 --> Session: Class initialized using 'CodeIgniter\Session\Handlers\FileHandler' driver.
CRITICAL - 2024-06-18 11:27:47 --> Could not move file "phpQCRIuW" to "/www/wwwroot/convy.dodevca.com/public/uploads/". Reason: 
in SYSTEMPATH/HTTP/Files/UploadedFile.php on line 158.
 1 SYSTEMPATH/HTTP/Files/UploadedFile.php(158): CodeIgniter\HTTP\Exceptions\HTTPException::forMoveFailed()
 2 APPPATH/Controllers/Home.php(88): CodeIgniter\HTTP\Files\UploadedFile->move()
 3 SYSTEMPATH/CodeIgniter.php(919): App\Controllers\Home->convert()
 4 SYSTEMPATH/CodeIgniter.php(494): CodeIgniter\CodeIgniter->runController()
 5 SYSTEMPATH/CodeIgniter.php(353): CodeIgniter\CodeIgniter->handleRequest()
 6 FCPATH/index.php(79): CodeIgniter\CodeIgniter->run()
INFO - 2024-06-18 11:28:37 --> Session: Class initialized using 'CodeIgniter\Session\Handlers\FileHandler' driver.
CRITICAL - 2024-06-18 11:28:37 --> Could not move file "php022buv" to "/www/wwwroot/convy.dodevca.com/public/uploads/". Reason: 
in SYSTEMPATH/HTTP/Files/UploadedFile.php on line 158.
 1 SYSTEMPATH/HTTP/Files/UploadedFile.php(158): CodeIgniter\HTTP\Exceptions\HTTPException::forMoveFailed()
 2 APPPATH/Controllers/Home.php(88): CodeIgniter\HTTP\Files\UploadedFile->move()
 3 SYSTEMPATH/CodeIgniter.php(919): App\Controllers\Home->convert()
 4 SYSTEMPATH/CodeIgniter.php(494): CodeIgniter\CodeIgniter->runController()
 5 SYSTEMPATH/CodeIgniter.php(353): CodeIgniter\CodeIgniter->handleRequest()
 6 FCPATH/index.php(79): CodeIgniter\CodeIgniter->run()
INFO - 2024-06-18 11:30:38 --> Session: Class initialized using 'CodeIgniter\Session\Handlers\FileHandler' driver.
CRITICAL - 2024-06-18 11:30:38 --> Could not move file "phpOyhM3W" to "/www/wwwroot/convy.dodevca.com/public/uploads/". Reason: 
in SYSTEMPATH/HTTP/Files/UploadedFile.php on line 158.
 1 SYSTEMPATH/HTTP/Files/UploadedFile.php(158): CodeIgniter\HTTP\Exceptions\HTTPException::forMoveFailed()
 2 APPPATH/Controllers/Home.php(88): CodeIgniter\HTTP\Files\UploadedFile->move()
 3 SYSTEMPATH/CodeIgniter.php(919): App\Controllers\Home->convert()
 4 SYSTEMPATH/CodeIgniter.php(494): CodeIgniter\CodeIgniter->runController()
 5 SYSTEMPATH/CodeIgniter.php(353): CodeIgniter\CodeIgniter->handleRequest()
 6 FCPATH/index.php(79): CodeIgniter\CodeIgniter->run()
INFO - 2024-06-18 11:31:04 --> Session: Class initialized using 'CodeIgniter\Session\Handlers\FileHandler' driver.
CRITICAL - 2024-06-18 11:31:04 --> Could not move file "phpTxYqoh" to "/www/wwwroot/convy.dodevca.com/public/uploads/". Reason: 
in SYSTEMPATH/HTTP/Files/UploadedFile.php on line 158.
 1 SYSTEMPATH/HTTP/Files/UploadedFile.php(158): CodeIgniter\HTTP\Exceptions\HTTPException::forMoveFailed()
 2 APPPATH/Controllers/Home.php(88): CodeIgniter\HTTP\Files\UploadedFile->move()
 3 SYSTEMPATH/CodeIgniter.php(919): App\Controllers\Home->convert()
 4 SYSTEMPATH/CodeIgniter.php(494): CodeIgniter\CodeIgniter->runController()
 5 SYSTEMPATH/CodeIgniter.php(353): CodeIgniter\CodeIgniter->handleRequest()
 6 FCPATH/index.php(79): CodeIgniter\CodeIgniter->run()
INFO - 2024-06-18 11:32:42 --> Session: Class initialized using 'CodeIgniter\Session\Handlers\FileHandler' driver.
CRITICAL - 2024-06-18 11:32:42 --> Could not move file "phpRZSH6A" to "/www/wwwroot/convy.dodevca.com/public/uploads/". Reason: 
in SYSTEMPATH/HTTP/Files/UploadedFile.php on line 158.
 1 SYSTEMPATH/HTTP/Files/UploadedFile.php(158): CodeIgniter\HTTP\Exceptions\HTTPException::forMoveFailed()
 2 APPPATH/Controllers/Home.php(88): CodeIgniter\HTTP\Files\UploadedFile->move()
 3 SYSTEMPATH/CodeIgniter.php(919): App\Controllers\Home->convert()
 4 SYSTEMPATH/CodeIgniter.php(494): CodeIgniter\CodeIgniter->runController()
 5 SYSTEMPATH/CodeIgniter.php(353): CodeIgniter\CodeIgniter->handleRequest()
 6 FCPATH/index.php(79): CodeIgniter\CodeIgniter->run()
INFO - 2024-06-18 11:34:01 --> Session: Class initialized using 'CodeIgniter\Session\Handlers\FileHandler' driver.
CRITICAL - 2024-06-18 11:34:01 --> Could not move file "php8UGjHK" to "/www/wwwroot/convy.dodevca.com/public/uploads/". Reason: 
in SYSTEMPATH/HTTP/Files/UploadedFile.php on line 158.
 1 SYSTEMPATH/HTTP/Files/UploadedFile.php(158): CodeIgniter\HTTP\Exceptions\HTTPException::forMoveFailed()
 2 APPPATH/Controllers/Home.php(88): CodeIgniter\HTTP\Files\UploadedFile->move()
 3 SYSTEMPATH/CodeIgniter.php(919): App\Controllers\Home->convert()
 4 SYSTEMPATH/CodeIgniter.php(494): CodeIgniter\CodeIgniter->runController()
 5 SYSTEMPATH/CodeIgniter.php(353): CodeIgniter\CodeIgniter->handleRequest()
 6 FCPATH/index.php(79): CodeIgniter\CodeIgniter->run()
INFO - 2024-06-18 11:36:13 --> Session: Class initialized using 'CodeIgniter\Session\Handlers\FileHandler' driver.
CRITICAL - 2024-06-18 11:36:15 --> file_get_contents(https://api.freeconvert.com/v1/process/convert): Failed to open stream: HTTP request failed! HTTP/1.1 400 Bad Request

in APPPATH/Models/ConvertModel.php on line 116.
 1 [internal function]: CodeIgniter\Debug\Exceptions->errorHandler()
 2 APPPATH/Models/ConvertModel.php(116): file_get_contents()
 3 APPPATH/Controllers/Home.php(98): App\Models\ConvertModel->process()
 4 SYSTEMPATH/CodeIgniter.php(919): App\Controllers\Home->convert()
 5 SYSTEMPATH/CodeIgniter.php(494): CodeIgniter\CodeIgniter->runController()
 6 SYSTEMPATH/CodeIgniter.php(353): CodeIgniter\CodeIgniter->handleRequest()
 7 FCPATH/index.php(79): CodeIgniter\CodeIgniter->run()
INFO - 2024-06-18 11:36:15 --> Session: Class initialized using 'CodeIgniter\Session\Handlers\FileHandler' driver.
CRITICAL - 2024-06-18 11:36:17 --> file_get_contents(https://api.freeconvert.com/v1/process/convert): Failed to open stream: HTTP request failed! HTTP/1.1 400 Bad Request

in APPPATH/Models/ConvertModel.php on line 116.
 1 [internal function]: CodeIgniter\Debug\Exceptions->errorHandler()
 2 APPPATH/Models/ConvertModel.php(116): file_get_contents()
 3 APPPATH/Controllers/Home.php(98): App\Models\ConvertModel->process()
 4 SYSTEMPATH/CodeIgniter.php(919): App\Controllers\Home->convert()
 5 SYSTEMPATH/CodeIgniter.php(494): CodeIgniter\CodeIgniter->runController()
 6 SYSTEMPATH/CodeIgniter.php(353): CodeIgniter\CodeIgniter->handleRequest()
 7 FCPATH/index.php(79): CodeIgniter\CodeIgniter->run()
INFO - 2024-06-18 11:36:45 --> Session: Class initialized using 'CodeIgniter\Session\Handlers\FileHandler' driver.
INFO - 2024-06-18 11:38:10 --> Session: Class initialized using 'CodeIgniter\Session\Handlers\FileHandler' driver.
CRITICAL - 2024-06-18 11:38:11 --> file_get_contents(https://api.freeconvert.com/v1/process/convert): Failed to open stream: HTTP request failed! HTTP/1.1 400 Bad Request

in APPPATH/Models/ConvertModel.php on line 116.
 1 [internal function]: CodeIgniter\Debug\Exceptions->errorHandler()
 2 APPPATH/Models/ConvertModel.php(116): file_get_contents()
 3 APPPATH/Controllers/Home.php(98): App\Models\ConvertModel->process()
 4 SYSTEMPATH/CodeIgniter.php(919): App\Controllers\Home->convert()
 5 SYSTEMPATH/CodeIgniter.php(494): CodeIgniter\CodeIgniter->runController()
 6 SYSTEMPATH/CodeIgniter.php(353): CodeIgniter\CodeIgniter->handleRequest()
 7 FCPATH/index.php(79): CodeIgniter\CodeIgniter->run()
INFO - 2024-06-18 11:45:30 --> Session: Class initialized using 'CodeIgniter\Session\Handlers\FileHandler' driver.
CRITICAL - 2024-06-18 11:45:30 --> syntax error, unexpected token "{", expecting ")"
in APPPATH/Models/ConvertModel.php on line 77.
 1 SYSTEMPATH/Autoloader/Autoloader.php(285): CodeIgniter\Autoloader\Autoloader->includeFile()
 2 SYSTEMPATH/Autoloader/Autoloader.php(263): CodeIgniter\Autoloader\Autoloader->loadInNamespace()
 3 APPPATH/Controllers/Home.php(10): CodeIgniter\Autoloader\Autoloader->loadClass()
 4 SYSTEMPATH/CodeIgniter.php(891): App\Controllers\Home->__construct()
 5 SYSTEMPATH/CodeIgniter.php(485): CodeIgniter\CodeIgniter->createController()
 6 SYSTEMPATH/CodeIgniter.php(353): CodeIgniter\CodeIgniter->handleRequest()
 7 FCPATH/index.php(79): CodeIgniter\CodeIgniter->run()
INFO - 2024-06-18 11:47:59 --> Session: Class initialized using 'CodeIgniter\Session\Handlers\FileHandler' driver.
CRITICAL - 2024-06-18 11:48:00 --> file_get_contents(https://api.freeconvert.com/v1/process/convert): Failed to open stream: HTTP request failed! HTTP/1.1 400 Bad Request

in APPPATH/Models/ConvertModel.php on line 102.
 1 [internal function]: CodeIgniter\Debug\Exceptions->errorHandler()
 2 APPPATH/Models/ConvertModel.php(102): file_get_contents()
 3 APPPATH/Controllers/Home.php(93): App\Models\ConvertModel->process()
 4 SYSTEMPATH/CodeIgniter.php(919): App\Controllers\Home->convert()
 5 SYSTEMPATH/CodeIgniter.php(494): CodeIgniter\CodeIgniter->runController()
 6 SYSTEMPATH/CodeIgniter.php(353): CodeIgniter\CodeIgniter->handleRequest()
 7 FCPATH/index.php(79): CodeIgniter\CodeIgniter->run()
INFO - 2024-06-18 11:48:04 --> Session: Class initialized using 'CodeIgniter\Session\Handlers\FileHandler' driver.
CRITICAL - 2024-06-18 11:48:05 --> file_get_contents(https://api.freeconvert.com/v1/process/convert): Failed to open stream: HTTP request failed! HTTP/1.1 400 Bad Request

in APPPATH/Models/ConvertModel.php on line 102.
 1 [internal function]: CodeIgniter\Debug\Exceptions->errorHandler()
 2 APPPATH/Models/ConvertModel.php(102): file_get_contents()
 3 APPPATH/Controllers/Home.php(93): App\Models\ConvertModel->process()
 4 SYSTEMPATH/CodeIgniter.php(919): App\Controllers\Home->convert()
 5 SYSTEMPATH/CodeIgniter.php(494): CodeIgniter\CodeIgniter->runController()
 6 SYSTEMPATH/CodeIgniter.php(353): CodeIgniter\CodeIgniter->handleRequest()
 7 FCPATH/index.php(79): CodeIgniter\CodeIgniter->run()
INFO - 2024-06-18 11:48:21 --> Session: Class initialized using 'CodeIgniter\Session\Handlers\FileHandler' driver.
INFO - 2024-06-18 11:52:39 --> Session: Class initialized using 'CodeIgniter\Session\Handlers\FileHandler' driver.
INFO - 2024-06-18 11:57:08 --> Session: Class initialized using 'CodeIgniter\Session\Handlers\FileHandler' driver.
INFO - 2024-06-18 12:00:11 --> Session: Class initialized using 'CodeIgniter\Session\Handlers\FileHandler' driver.
INFO - 2024-06-18 12:00:16 --> Session: Class initialized using 'CodeIgniter\Session\Handlers\FileHandler' driver.
INFO - 2024-06-18 12:00:21 --> Session: Class initialized using 'CodeIgniter\Session\Handlers\FileHandler' driver.
CRITICAL - 2024-06-18 12:00:24 --> Undefined array key "response"
in APPPATH/Controllers/Home.php on line 111.
 1 APPPATH/Controllers/Home.php(111): CodeIgniter\Debug\Exceptions->errorHandler()
 2 SYSTEMPATH/CodeIgniter.php(919): App\Controllers\Home->convert()
 3 SYSTEMPATH/CodeIgniter.php(494): CodeIgniter\CodeIgniter->runController()
 4 SYSTEMPATH/CodeIgniter.php(353): CodeIgniter\CodeIgniter->handleRequest()
 5 FCPATH/index.php(79): CodeIgniter\CodeIgniter->run()
INFO - 2024-06-18 12:01:01 --> Session: Class initialized using 'CodeIgniter\Session\Handlers\FileHandler' driver.
INFO - 2024-06-18 12:01:05 --> Session: Class initialized using 'CodeIgniter\Session\Handlers\FileHandler' driver.
INFO - 2024-06-18 12:01:12 --> Session: Class initialized using 'CodeIgniter\Session\Handlers\FileHandler' driver.
INFO - 2024-06-18 12:02:10 --> Session: Class initialized using 'CodeIgniter\Session\Handlers\FileHandler' driver.
INFO - 2024-06-18 12:12:26 --> Session: Class initialized using 'CodeIgniter\Session\Handlers\FileHandler' driver.
INFO - 2024-06-18 12:17:22 --> Session: Class initialized using 'CodeIgniter\Session\Handlers\FileHandler' driver.
INFO - 2024-06-18 12:17:35 --> Session: Class initialized using 'CodeIgniter\Session\Handlers\FileHandler' driver.
INFO - 2024-06-18 12:17:40 --> Session: Class initialized using 'CodeIgniter\Session\Handlers\FileHandler' driver.
CRITICAL - 2024-06-18 12:17:41 --> Cannot access offset of type string on string
in APPPATH/Models/ConvertModel.php on line 132.
 1 APPPATH/Controllers/Home.php(106): App\Models\ConvertModel->download()
 2 SYSTEMPATH/CodeIgniter.php(919): App\Controllers\Home->convert()
 3 SYSTEMPATH/CodeIgniter.php(494): CodeIgniter\CodeIgniter->runController()
 4 SYSTEMPATH/CodeIgniter.php(353): CodeIgniter\CodeIgniter->handleRequest()
 5 FCPATH/index.php(79): CodeIgniter\CodeIgniter->run()
INFO - 2024-06-18 12:18:35 --> Session: Class initialized using 'CodeIgniter\Session\Handlers\FileHandler' driver.
INFO - 2024-06-18 12:19:17 --> Session: Class initialized using 'CodeIgniter\Session\Handlers\FileHandler' driver.
INFO - 2024-06-18 12:22:22 --> Session: Class initialized using 'CodeIgniter\Session\Handlers\FileHandler' driver.
CRITICAL - 2024-06-18 12:22:23 --> Call to undefined method App\Controllers\Home::download()
in APPPATH/Controllers/Home.php on line 100.
 1 SYSTEMPATH/CodeIgniter.php(919): App\Controllers\Home->convert()
 2 SYSTEMPATH/CodeIgniter.php(494): CodeIgniter\CodeIgniter->runController()
 3 SYSTEMPATH/CodeIgniter.php(353): CodeIgniter\CodeIgniter->handleRequest()
 4 FCPATH/index.php(79): CodeIgniter\CodeIgniter->run()
INFO - 2024-06-18 12:22:37 --> Session: Class initialized using 'CodeIgniter\Session\Handlers\FileHandler' driver.
INFO - 2024-06-18 12:29:46 --> Session: Class initialized using 'CodeIgniter\Session\Handlers\FileHandler' driver.
INFO - 2024-06-18 12:37:31 --> Session: Class initialized using 'CodeIgniter\Session\Handlers\FileHandler' driver.
INFO - 2024-06-18 12:40:49 --> Session: Class initialized using 'CodeIgniter\Session\Handlers\FileHandler' driver.
INFO - 2024-06-18 12:48:25 --> Session: Class initialized using 'CodeIgniter\Session\Handlers\FileHandler' driver.
CRITICAL - 2024-06-18 12:48:28 --> Cannot use object of type stdClass as array
in APPPATH/Models/ConvertModel.php on line 137.
 1 APPPATH/Controllers/Home.php(106): App\Models\ConvertModel->download()
 2 SYSTEMPATH/CodeIgniter.php(919): App\Controllers\Home->convert()
 3 SYSTEMPATH/CodeIgniter.php(494): CodeIgniter\CodeIgniter->runController()
 4 SYSTEMPATH/CodeIgniter.php(353): CodeIgniter\CodeIgniter->handleRequest()
 5 FCPATH/index.php(79): CodeIgniter\CodeIgniter->run()
INFO - 2024-06-18 12:48:42 --> Session: Class initialized using 'CodeIgniter\Session\Handlers\FileHandler' driver.
CRITICAL - 2024-06-18 12:48:44 --> App\Models\ConvertModel::download(): Return value must be of type ?array, stdClass returned
in APPPATH/Models/ConvertModel.php on line 140.
 1 APPPATH/Controllers/Home.php(106): App\Models\ConvertModel->download()
 2 SYSTEMPATH/CodeIgniter.php(919): App\Controllers\Home->convert()
 3 SYSTEMPATH/CodeIgniter.php(494): CodeIgniter\CodeIgniter->runController()
 4 SYSTEMPATH/CodeIgniter.php(353): CodeIgniter\CodeIgniter->handleRequest()
 5 FCPATH/index.php(79): CodeIgniter\CodeIgniter->run()
INFO - 2024-06-18 12:49:06 --> Session: Class initialized using 'CodeIgniter\Session\Handlers\FileHandler' driver.
CRITICAL - 2024-06-18 12:49:08 --> App\Models\ConvertModel::download(): Return value must be of type ?array, stdClass returned
in APPPATH/Models/ConvertModel.php on line 140.
 1 APPPATH/Controllers/Home.php(106): App\Models\ConvertModel->download()
 2 SYSTEMPATH/CodeIgniter.php(919): App\Controllers\Home->convert()
 3 SYSTEMPATH/CodeIgniter.php(494): CodeIgniter\CodeIgniter->runController()
 4 SYSTEMPATH/CodeIgniter.php(353): CodeIgniter\CodeIgniter->handleRequest()
 5 FCPATH/index.php(79): CodeIgniter\CodeIgniter->run()
INFO - 2024-06-18 12:50:06 --> Session: Class initialized using 'CodeIgniter\Session\Handlers\FileHandler' driver.
INFO - 2024-06-18 12:50:10 --> Session: Class initialized using 'CodeIgniter\Session\Handlers\FileHandler' driver.
INFO - 2024-06-18 12:50:15 --> Session: Class initialized using 'CodeIgniter\Session\Handlers\FileHandler' driver.
CRITICAL - 2024-06-18 12:50:18 --> json_decode(): Argument #1 ($json) must be of type string, array given
in APPPATH/Models/ConvertModel.php on line 141.
 1 APPPATH/Models/ConvertModel.php(141): json_decode()
 2 APPPATH/Controllers/Home.php(106): App\Models\ConvertModel->download()
 3 SYSTEMPATH/CodeIgniter.php(919): App\Controllers\Home->convert()
 4 SYSTEMPATH/CodeIgniter.php(494): CodeIgniter\CodeIgniter->runController()
 5 SYSTEMPATH/CodeIgniter.php(353): CodeIgniter\CodeIgniter->handleRequest()
 6 FCPATH/index.php(79): CodeIgniter\CodeIgniter->run()
INFO - 2024-06-18 12:51:02 --> Session: Class initialized using 'CodeIgniter\Session\Handlers\FileHandler' driver.
CRITICAL - 2024-06-18 12:51:03 --> Undefined variable $res
in APPPATH/Models/ConvertModel.php on line 134.
 1 APPPATH/Models/ConvertModel.php(134): CodeIgniter\Debug\Exceptions->errorHandler()
 2 APPPATH/Controllers/Home.php(106): App\Models\ConvertModel->download()
 3 SYSTEMPATH/CodeIgniter.php(919): App\Controllers\Home->convert()
 4 SYSTEMPATH/CodeIgniter.php(494): CodeIgniter\CodeIgniter->runController()
 5 SYSTEMPATH/CodeIgniter.php(353): CodeIgniter\CodeIgniter->handleRequest()
 6 FCPATH/index.php(79): CodeIgniter\CodeIgniter->run()
INFO - 2024-06-18 12:51:26 --> Session: Class initialized using 'CodeIgniter\Session\Handlers\FileHandler' driver.
CRITICAL - 2024-06-18 12:51:29 --> Undefined variable $res
in APPPATH/Models/ConvertModel.php on line 133.
 1 APPPATH/Models/ConvertModel.php(133): CodeIgniter\Debug\Exceptions->errorHandler()
 2 APPPATH/Controllers/Home.php(106): App\Models\ConvertModel->download()
 3 SYSTEMPATH/CodeIgniter.php(919): App\Controllers\Home->convert()
 4 SYSTEMPATH/CodeIgniter.php(494): CodeIgniter\CodeIgniter->runController()
 5 SYSTEMPATH/CodeIgniter.php(353): CodeIgniter\CodeIgniter->handleRequest()
 6 FCPATH/index.php(79): CodeIgniter\CodeIgniter->run()
INFO - 2024-06-18 12:51:44 --> Session: Class initialized using 'CodeIgniter\Session\Handlers\FileHandler' driver.
INFO - 2024-06-18 12:52:38 --> Session: Class initialized using 'CodeIgniter\Session\Handlers\FileHandler' driver.
INFO - 2024-06-18 12:56:34 --> Session: Class initialized using 'CodeIgniter\Session\Handlers\FileHandler' driver.
INFO - 2024-06-18 12:59:47 --> Session: Class initialized using 'CodeIgniter\Session\Handlers\FileHandler' driver.
INFO - 2024-06-18 13:00:43 --> Session: Class initialized using 'CodeIgniter\Session\Handlers\FileHandler' driver.
INFO - 2024-06-18 13:00:47 --> Session: Class initialized using 'CodeIgniter\Session\Handlers\FileHandler' driver.
INFO - 2024-06-18 13:00:55 --> Session: Class initialized using 'CodeIgniter\Session\Handlers\FileHandler' driver.
